# JRE version: OpenJDK Runtime Environment Homebrew (17.0.15) (build 17.0.15+0)
# Java VM: OpenJDK 64-Bit Server VM Homebrew (17.0.15+0, mixed mode, emulated-client, sharing, tiered, compressed oops, compressed class ptrs, g1 gc, bsd-aarch64)
GC Precious Log:
 CPUs: 8 total, 8 available
 Memory: 8192M
 Large Page Support: Disabled
 NUMA Support: Disabled
 Compressed Oops: Enabled (Zero based)
 Heap Region Size: 1M
 Heap Min Capacity: 8M
 Heap Initial Capacity: 128M
 Heap Max Capacity: 2G
 Pre-touch: Disabled
 Parallel Workers: 8
 Concurrent Workers: 2
 Concurrent Refinement Workers: 8
 Periodic GC: Disabled
Heap:
 garbage-first heap   total 81920K, used 30948K [0x0000000780000000, 0x0000000800000000)
  region size 1024K, 17 young (17408K), 7 survivors (7168K)
 Metaspace       used 44749K, committed 45184K, reserved 1114112K
  class space    used 5999K, committed 6208K, reserved 1048576K
GC Heap History (14 events):
Event: 1.309 GC heap before
{Heap before GC invocations=0 (full 0):
 garbage-first heap   total 133120K, used 25504K [0x0000000780000000, 0x0000000800000000)
  region size 1024K, 23 young (23552K), 0 survivors (0K)
 Metaspace       used 7710K, committed 7808K, reserved 1114112K
  class space    used 916K, committed 960K, reserved 1048576K
}
Event: 1.329 GC heap after
{Heap after GC invocations=1 (full 0):
 garbage-first heap   total 133120K, used 8929K [0x0000000780000000, 0x0000000800000000)
  region size 1024K, 3 young (3072K), 3 survivors (3072K)
 Metaspace       used 7710K, committed 7808K, reserved 1114112K
  class space    used 916K, committed 960K, reserved 1048576K
}
Event: 1.800 GC heap before
{Heap before GC invocations=1 (full 0):
 garbage-first heap   total 133120K, used 35553K [0x0000000780000000, 0x0000000800000000)
  region size 1024K, 30 young (30720K), 3 survivors (3072K)
 Metaspace       used 13101K, committed 13312K, reserved 1114112K
  class space    used 1688K, committed 1792K, reserved 1048576K
}
Event: 1.808 GC heap after
{Heap after GC invocations=2 (full 0):
 garbage-first heap   total 133120K, used 11218K [0x0000000780000000, 0x0000000800000000)
  region size 1024K, 3 young (3072K), 3 survivors (3072K)
 Metaspace       used 13101K, committed 13312K, reserved 1114112K
  class space    used 1688K, committed 1792K, reserved 1048576K
}
Event: 2.672 GC heap before
{Heap before GC invocations=2 (full 0):
 garbage-first heap   total 133120K, used 60370K [0x0000000780000000, 0x0000000800000000)
  region size 1024K, 52 young (53248K), 3 survivors (3072K)
 Metaspace       used 21258K, committed 21504K, reserved 1114112K
  class space    used 2939K, committed 3072K, reserved 1048576K
}
Event: 2.693 GC heap after
{Heap after GC invocations=3 (full 0):
 garbage-first heap   total 133120K, used 13449K [0x0000000780000000, 0x0000000800000000)
  region size 1024K, 5 young (5120K), 5 survivors (5120K)
 Metaspace       used 21258K, committed 21504K, reserved 1114112K
  class space    used 2939K, committed 3072K, reserved 1048576K
}
Event: 3.050 GC heap before
{Heap before GC invocations=4 (full 0):
 garbage-first heap   total 58368K, used 42121K [0x0000000780000000, 0x0000000800000000)
  region size 1024K, 34 young (34816K), 5 survivors (5120K)
 Metaspace       used 25953K, committed 26240K, reserved 1114112K
  class space    used 3520K, committed 3648K, reserved 1048576K
}
Event: 3.063 GC heap after
{Heap after GC invocations=5 (full 0):
 garbage-first heap   total 58368K, used 15091K [0x0000000780000000, 0x0000000800000000)
  region size 1024K, 4 young (4096K), 4 survivors (4096K)
 Metaspace       used 25953K, committed 26240K, reserved 1114112K
  class space    used 3520K, committed 3648K, reserved 1048576K
}
Event: 3.532 GC heap before
{Heap before GC invocations=6 (full 0):
 garbage-first heap   total 58368K, used 38643K [0x0000000780000000, 0x0000000800000000)
  region size 1024K, 28 young (28672K), 4 survivors (4096K)
 Metaspace       used 29274K, committed 29568K, reserved 1114112K
  class space    used 3982K, committed 4096K, reserved 1048576K
}
Event: 3.538 GC heap after
{Heap after GC invocations=7 (full 0):
 garbage-first heap   total 115712K, used 16215K [0x0000000780000000, 0x0000000800000000)
  region size 1024K, 3 young (3072K), 3 survivors (3072K)
 Metaspace       used 29274K, committed 29568K, reserved 1114112K
  class space    used 3982K, committed 4096K, reserved 1048576K
}
Event: 4.940 GC heap before
{Heap before GC invocations=7 (full 0):
 garbage-first heap   total 115712K, used 81751K [0x0000000780000000, 0x0000000800000000)
  region size 1024K, 67 young (68608K), 3 survivors (3072K)
 Metaspace       used 39129K, committed 39488K, reserved 1114112K
  class space    used 5230K, committed 5440K, reserved 1048576K
}
Event: 4.952 GC heap after
{Heap after GC invocations=8 (full 0):
 garbage-first heap   total 115712K, used 18102K [0x0000000780000000, 0x0000000800000000)
  region size 1024K, 5 young (5120K), 5 survivors (5120K)
 Metaspace       used 39129K, committed 39488K, reserved 1114112K
  class space    used 5230K, committed 5440K, reserved 1048576K
}
Event: 6.263 GC heap before
{Heap before GC invocations=8 (full 0):
 garbage-first heap   total 115712K, used 78518K [0x0000000780000000, 0x0000000800000000)
  region size 1024K, 66 young (67584K), 5 survivors (5120K)
 Metaspace       used 43626K, committed 43968K, reserved 1114112K
  class space    used 5818K, committed 6016K, reserved 1048576K
}
Event: 6.293 GC heap after
{Heap after GC invocations=9 (full 0):
 garbage-first heap   total 115712K, used 21732K [0x0000000780000000, 0x0000000800000000)
  region size 1024K, 7 young (7168K), 7 survivors (7168K)
 Metaspace       used 43626K, committed 43968K, reserved 1114112K
  class space    used 5818K, committed 6016K, reserved 1048576K
}

